=== Test Results
TEST NAME                                                           OUTCOME  MESSAGE                                                                                                                                                                                                                                                                                                                                                                                                                                                                                                               RUNTIME (MS)
──────────────────────────────────────────────────────────────────  ───────  ────────────────────────────────────────────────────────────────────────────────────────────────────────────────────────────────────────────────────────────────────────────────────────────────────────────────────────────────────────────────────────────────────────────────────────────────────────────────────────────────────────────────────────────────────────────────────────────────────────────────────────────────────────────────────────────────────────────────────────────────────────────────────  ────────────
BacklogItemStatusChangeTest..testReadyForQADeploy                   Fail     "System.DmlException: Update failed. First exception on row 0 with id a0Dc000000HHrAREA1; first error: CANNOT_INSERT_UPDATE_ACTIVATE_ENTITY, BacklogItemStatusChange: execution of AfterUpdate\n\ncaused by: System.DmlException: Insert failed. First exception on row 0; first error: INACTIVE_OWNER_OR_USER, operation performed with inactive user [005A00000012uMN] as owner of task: []\n\nClass.BacklogItemTaskHelper.createTasks: line 80, column 1\nTrigger.BacklogItemStatusChange: line 18, column 1: []"  169
BacklogItemTaskHelperTest..myUnitTest                               Fail     "System.DmlException: Update failed. First exception on row 0 with id a0Dc000000HHrAMEA1; first error: CANNOT_INSERT_UPDATE_ACTIVATE_ENTITY, BacklogItemStatusChange: execution of AfterUpdate\n\ncaused by: System.DmlException: Insert failed. First exception on row 0; first error: INACTIVE_OWNER_OR_USER, operation performed with inactive user [005A00000012uMN] as owner of task: []\n\nClass.BacklogItemTaskHelper.createTasks: line 80, column 1\nTrigger.BacklogItemStatusChange: line 18, column 1: []"  210
BugEmailNotificationTest..myUnitTest                                Fail     "System.DmlException: Update failed. First exception on row 0 with id a02c000000INA34AAH; first error: CANNOT_INSERT_UPDATE_ACTIVATE_ENTITY, BugEmailNotification: execution of AfterUpdate\n\ncaused by: System.EmailException: SendEmail failed. First exception on row 0; first error: NO_MASS_MAIL_PERMISSION, Single email is not enabled for your organization or profile.: []\n\nTrigger.BugEmailNotification: line 50, column 1: []"                                                                          549
BusinessRequestSpawnBacklogItemTest..testInsertApproved_ShouldFail  Pass                                                                                                                                                                                                                                                                                                                                                                                                                                                                                                                           104
BusinessRequestSpawnBacklogItemTest..testInsertNew_ShouldPass       Pass                                                                                                                                                                                                                                                                                                                                                                                                                                                                                                                           65
BusinessRequestSpawnBacklogItemTest..testMultiInserts_ShouldFail    Pass                                                                                                                                                                                                                                                                                                                                                                                                                                                                                                                           77
BusinessRequestSpawnBacklogItemTest..testUpdate_ShouldPass          Pass                                                                                                                                                                                                                                                                                                                                                                                                                                                                                                                           125
CapacityHelperTest..testDuplicateCheck                              Pass                                                                                                                                                                                                                                                                                                                                                                                                                                                                                                                           226
ChangePasswordController..testChangePasswordController              Pass                                                                                                                                                                                                                                                                                                                                                                                                                                                                                                                           4
ChatterTestControllerTest..myUnitTest                               Pass                                                                                                                                                                                                                                                                                                                                                                                                                                                                                                                           6
ComponentTrackTest..testInserts                                     Pass                                                                                                                                                                                                                                                                                                                                                                                                                                                                                                                           730
ComponentTrackTest..testUpdates                                     Pass                                                                                                                                                                                                                                                                                                                                                                                                                                                                                                                           226
ForgotPasswordController..testForgotPasswordController              Pass                                                                                                                                                                                                                                                                                                                                                                                                                                                                                                                           5
GalaxyAddExtensionTest..testGalaxyInsert                            Pass                                                                                                                                                                                                                                                                                                                                                                                                                                                                                                                           46
GalaxyAddExtensionTest..testGalaxyInsert5Stars                      Pass                                                                                                                                                                                                                                                                                                                                                                                                                                                                                                                           205
GalaxyAddExtensionTest..testGalaxyInsertWithNoName                  Pass                                                                                                                                                                                                                                                                                                                                                                                                                                                                                                                           8
GalaxyAddExtensionTest..testOnCancel                                Pass                                                                                                                                                                                                                                                                                                                                                                                                                                                                                                                           33
GenPackageXmlController..testGenPackageXml                          Pass                                                                                                                                                                                                                                                                                                                                                                                                                                                                                                                           37
Loggly..testLogMessage                                              Fail     "Methods defined as TestMethod do not support Web service callouts"                                                                                                                                                                                                                                                                                                                                                                                                                                                   5
MyBacklogItemsController..testMyController                          Pass                                                                                                                                                                                                                                                                                                                                                                                                                                                                                                                           28
MyProfilePageController..testSave                                   Pass                                                                                                                                                                                                                                                                                                                                                                                                                                                                                                                           229
NotifyCreatorOnCloseTest..testSingleTaskClose                       Pass                                                                                                                                                                                                                                                                                                                                                                                                                                                                                                                           239
OnCallController..testOnCallController                              Fail     "Methods defined as TestMethod do not support Web service callouts"                                                                                                                                                                                                                                                                                                                                                                                                                                                   6
OnCallEmailHandlerTest..myUnitTest                                  Fail     "System.EmailException: SendEmail failed. First exception on row 0; first error: NO_MASS_MAIL_PERMISSION, Single email is not enabled for your organization or profile.: []"                                                                                                                                                                                                                                                                                                                                          167
OnCallSMSController..testOnCallSMSController                        Fail     "Methods defined as TestMethod do not support Web service callouts"                                                                                                                                                                                                                                                                                                                                                                                                                                                   9
PostCopyCreateTestDataTest..testRunApexClass                        Pass                                                                                                                                                                                                                                                                                                                                                                                                                                                                                                                           119
RequirementNotifyAssigneeOnChangeTest..myUnitTest                   Fail     "System.DmlException: Insert failed. First exception on row 0; first error: CANNOT_INSERT_UPDATE_ACTIVATE_ENTITY, RequirementNotifyAssigneeOnChange: execution of AfterInsert\n\ncaused by: System.EmailException: SendEmail failed. First exception on row 0; first error: NO_MASS_MAIL_PERMISSION, Single email is not enabled for your organization or profile.: []\n\nTrigger.RequirementNotifyAssigneeOnChange: line 45, column 1: []"                                                                           583
SiteLoginController..testSiteLoginController                        Pass                                                                                                                                                                                                                                                                                                                                                                                                                                                                                                                           33
SiteRegisterController..testRegistration                            Pass                                                                                                                                                                                                                                                                                                                                                                                                                                                                                                                           8
SprintUpdateDatesTest..myUnitTest                                   Pass                                                                                                                                                                                                                                                                                                                                                                                                                                                                                                                           169
TaskBacklogItemStatusRoutingTest..myUnitTest                        Pass                                                                                                                                                                                                                                                                                                                                                                                                                                                                                                                           91
TaskUpdateComponentOnCodeReviewTest..testCloseComponent             Pass                                                                                                                                                                                                                                                                                                                                                                                                                                                                                                                           853

=== Test Summary
NAME                 VALUE
───────────────────  ────────────────────────────
Outcome              Failed
Tests Ran            32
Passing              24
Failing              8
Skipped              0
Pass Rate            75%
Fail Rate            25%
Test Start Time      Jul 30, 2017 4:17 PM
Test Execution Time  5364 ms
Test Total Time      5364 ms
Command Time         2705 ms
Hostname             https://cs14.salesforce.com
Org Id               00Dc0000003w8TmEAI
Username             mdn@agileway.com.dxsit
User Id              005A00000012t8FIAQ
Test Run Id          707c000001IeJLI

